<?xml version="1.0" encoding="UTF-8"?>
<testsuite name="tests.RegistrationTests" tests="2" skipped="0" failures="0" errors="0" timestamp="2022-07-16T14:41:48" hostname="DESKTOP-31QDJF0" time="1.532">
  <properties/>
  <testcase name="registrationSuccess" classname="tests.RegistrationTests" time="0.445"/>
  <testcase name="registrationSuccess2" classname="tests.RegistrationTests" time="0.357"/>
  <system-out><![CDATA[]]></system-out>
  <system-err><![CDATA[]]></system-err>
</testsuite>
