<?xml version="1.0" encoding="UTF-8"?>
<testsuite name="tests.LoginTests" tests="1" skipped="0" failures="0" errors="0" timestamp="2022-07-04T20:01:32" hostname="LAPTOP-60KTD0SH" time="0.59">
  <properties/>
  <testcase name="loginNegativeTestsWrongEmail" classname="tests.LoginTests" time="0.59"/>
  <system-out><![CDATA[]]></system-out>
  <system-err><![CDATA[]]></system-err>
</testsuite>
