<?xml version="1.0" encoding="UTF-8"?>
<testsuite name="tests.RemoveContactTests" tests="2" skipped="0" failures="0" errors="0" timestamp="2022-07-16T21:51:25" hostname="DESKTOP-31QDJF0" time="18.411">
  <properties/>
  <testcase name="removeAllContactsSuccess" classname="tests.RemoveContactTests" time="8.373"/>
  <testcase name="removeOneContactSuccess" classname="tests.RemoveContactTests" time="0.942"/>
  <system-out><![CDATA[00:51:17.084  INFO  tests.TestBase - Start method with name --> removeAllContactsSuccess
00:51:34.092  INFO  tests.TestBase - Start method with name --> removeOneContactSuccess
00:51:43.449  INFO  manager.HelperBase - Count before remove is 3
00:51:44.124  INFO  manager.HelperBase - Count after remove is 2
]]></system-out>
  <system-err><![CDATA[]]></system-err>
</testsuite>
