<?xml version="1.0" encoding="UTF-8"?>
<testsuite name="tests.RegistrationTests" tests="2" skipped="0" failures="0" errors="0" timestamp="2022-07-05T08:39:26" hostname="LAPTOP-60KTD0SH" time="1.413">
  <properties/>
  <testcase name="registrationSuccess" classname="tests.RegistrationTests" time="0.34"/>
  <testcase name="registrationSuccess2" classname="tests.RegistrationTests" time="0.269"/>
  <system-out><![CDATA[]]></system-out>
  <system-err><![CDATA[]]></system-err>
</testsuite>
