<?xml version="1.0" encoding="UTF-8"?>
<testsuite name="tests.LoginTests" tests="1" skipped="0" failures="0" errors="0" timestamp="2022-07-04T18:26:33" hostname="LAPTOP-60KTD0SH" time="1.152">
  <properties/>
  <testcase name="loginNegativeTestsWrongEmail" classname="tests.LoginTests" time="1.152"/>
  <system-out><![CDATA[]]></system-out>
  <system-err><![CDATA[1656959187191	geckodriver	INFO	Listening on 127.0.0.1:50682
1656959188579	mozrunner::runner	INFO	Running command: "C:\\Program Files\\Mozilla Firefox\\firefox.exe" "--marionette" "--remote-debugging-port" "61750" "--remote-allow-hosts" "localhost" "--remote-allow-origins" "http://localhost:61750/" "-no-remote" "-profile" "C:\\Users\\alexa\\AppData\\Local\\Temp\\rust_mozprofileIuDThk"
1656959189288	Marionette	INFO	Marionette enabled
WebDriver BiDi listening on ws://localhost:61750
console.warn: SearchSettings: "get: No settings file exists, new profile?" (new NotFoundError("Could not open the file at C:\\Users\\alexa\\AppData\\Local\\Temp\\rust_mozprofileIuDThk\\search.json.mozlz4", (void 0)))
1656959192400	Marionette	INFO	Listening on port 50497
DevTools listening on ws://localhost:61750/devtools/browser/a3d75786-a75f-41d2-b6d8-990571db7edc
Read port: 50497
1656959192488	RemoteAgent	WARN	TLS certificate errors will be ignored for this session
Jul 04, 2022 9:26:32 PM org.openqa.selenium.remote.ProtocolHandshake createSession
INFO: Detected upstream dialect: W3C
1656959195062	Marionette	INFO	Stopped listening on port 50497

###!!! [Child][PContentChild] Error: Send(msgname=PHttpChannel::Msg_DeletingChannel) Channel closing: too late to send/recv, messages will be lost


###!!! [Parent][PGPUParent] Error: RunMessage(msgname=PGPU::Msg_ShutdownVR) Channel closing: too late to send/recv, messages will be lost

]]></system-err>
</testsuite>
