<?xml version="1.0" encoding="UTF-8"?>
<testsuite name="tests.LoginTests" tests="1" skipped="0" failures="0" errors="0" timestamp="2022-07-05T05:05:11" hostname="LAPTOP-60KTD0SH" time="1.136">
  <properties/>
  <testcase name="loginNegativeTestsWrongEmail" classname="tests.LoginTests" time="1.136"/>
  <system-out><![CDATA[]]></system-out>
  <system-err><![CDATA[]]></system-err>
</testsuite>
